<?xml version="1.0" encoding="UTF-8"?>
<!-- Generated by org.testng.reporters.JUnitXMLReporter -->
<testsuite ignored="0" hostname="MacBook-Pro.local" failures="0" tests="4" name="Default test" time="0.873" errors="0" timestamp="2023-08-29T09:43:29 PDT">
  <testcase classname="com.andoorathodi.MavenAugust2023.tests.DataProviderExcelSample2" name="tst" time="0.007"/>
  <testcase classname="com.andoorathodi.MavenAugust2023.tests.DataProviderExcelSample2" name="tst" time="0.001"/>
  <testcase classname="com.andoorathodi.MavenAugust2023.tests.DataProviderExcelSample2" name="tst" time="0.001"/>
  <testcase classname="com.andoorathodi.MavenAugust2023.tests.DataProviderExcelSample2" name="tst" time="0.002"/>
</testsuite> <!-- Default test -->
