<?xml version="1.0" encoding="UTF-8"?>
<!-- Generated by org.testng.reporters.JUnitXMLReporter -->
<testsuite ignored="0" hostname="MacBook-Pro.local" failures="0" tests="2" name="Negative Scenarios" time="35.662" errors="0" timestamp="2023-08-29T11:27:57 PDT">
  <testcase classname="com.andoorathodi.MavenAugust2023.tests.NegeativeTEst" name="negativeScenario" time="3.266">
    <skipped/>
  </testcase> <!-- negativeScenario -->
  <testcase classname="com.andoorathodi.MavenAugust2023.tests.NegeativeTEst" name="negativeScenario" time="2.834"/>
</testsuite> <!-- Negative Scenarios -->
