<?xml version="1.0" encoding="UTF-8"?>
<!-- Generated by org.testng.reporters.JUnitXMLReporter -->
<testsuite ignored="0" hostname="MacBook-Pro.local" failures="0" tests="3" name="Submit Order" time="78.938" errors="0" timestamp="2023-08-29T11:28:40 PDT">
  <testcase classname="com.andoorathodi.MavenAugust2023.tests.StandAloneTestPageObject" name="standAloneTest" time="17.593"/>
  <testcase classname="com.andoorathodi.MavenAugust2023.tests.StandAloneTestPageObject" name="standAloneTest" time="13.95"/>
  <testcase classname="com.andoorathodi.MavenAugust2023.tests.StandAloneTestPageObject" name="verifyOrderPresent" time="7.115"/>
</testsuite> <!-- Submit Order -->
