<?xml version="1.0" encoding="UTF-8"?>
<!-- Generated by org.testng.reporters.JUnitXMLReporter -->
<testsuite ignored="0" hostname="MacBook-Pro.local" failures="0" tests="2" name="Test" time="53.027" errors="0" timestamp="2023-08-22T14:30:54 PDT">
  <testcase classname="com.andoorathodi.MavenAugust2023.tests.StandAloneTestPageObject" name="standAloneTest" time="19.511"/>
  <testcase classname="com.andoorathodi.MavenAugust2023.tests.NegeativeTEst" name="standAloneTest" time="3.339"/>
</testsuite> <!-- Test -->
