<?xml version="1.0" encoding="UTF-8"?>
<testsuite xmlns:xsi="http://www.w3.org/2001/XMLSchema-instance" xsi:noNamespaceSchemaLocation="https://maven.apache.org/surefire/maven-surefire-plugin/xsd/surefire-test-report-3.0.xsd" version="3.0" name="TestSuite" time="80.644" tests="5" errors="0" skipped="1" failures="0">
  <properties>
[...]
</properties>
  <testcase name="negativeScenario" classname="com.andoorathodi.MavenAugust2023.tests.NegeativeTEst" time="0.0">
    <skipped message="expected [Incorrect email or password.] but found []"/>
    <system-out><![CDATA[11:27:41.447 [TestNG-tests-2] ERROR com.andoorathodi.MavenAugust2023.TestComponents.Listeners - Test negativeScenario has skipped due to java.lang.AssertionError: expected [Incorrect email or password.] but found []
]]></system-out>
    <system-err><![CDATA[SLF4J: Failed to load class "org.slf4j.impl.StaticLoggerBinder".
SLF4J: Defaulting to no-operation (NOP) logger implementation
SLF4J: See http://www.slf4j.org/codes.html#StaticLoggerBinder for further details.
Aug 29, 2023 11:27:29 AM org.openqa.selenium.devtools.CdpVersionFinder findNearestMatch
WARNING: Unable to find an exact match for CDP version 116, so returning the closest version found: 115
Aug 29, 2023 11:27:29 AM org.openqa.selenium.devtools.CdpVersionFinder findNearestMatch
WARNING: Unable to find an exact match for CDP version 116, so returning the closest version found: 115
]]></system-err>
  </testcase>
  <testcase name="negativeScenario" classname="com.andoorathodi.MavenAugust2023.tests.NegeativeTEst" time="2.841"/>
  <testcase name="standAloneTest[{password=Abcd@123, username=nabeelans@gmail.com}](1)" classname="com.andoorathodi.MavenAugust2023.tests.StandAloneTestPageObject" time="1.392">
    <system-out><![CDATA[ASSERT ISSSSSSS true
]]></system-out>
    <system-err><![CDATA[Aug 29, 2023 11:27:46 AM org.openqa.selenium.devtools.CdpVersionFinder findNearestMatch
WARNING: Unable to find an exact match for CDP version 116, so returning the closest version found: 115
]]></system-err>
  </testcase>
  <testcase name="standAloneTest[{password=Abcd@123, username=sathish123@gmail.com}](2)" classname="com.andoorathodi.MavenAugust2023.tests.StandAloneTestPageObject" time="13.953">
    <system-out><![CDATA[ASSERT ISSSSSSS true
]]></system-out>
    <system-err><![CDATA[log4j:WARN No appenders could be found for logger (freemarker.cache).
log4j:WARN Please initialize the log4j system properly.
log4j:WARN See http://logging.apache.org/log4j/1.2/faq.html#noconfig for more info.
Aug 29, 2023 11:28:00 AM org.openqa.selenium.devtools.CdpVersionFinder findNearestMatch
WARNING: Unable to find an exact match for CDP version 116, so returning the closest version found: 115
]]></system-err>
  </testcase>
  <testcase name="verifyOrderPresent" classname="com.andoorathodi.MavenAugust2023.tests.StandAloneTestPageObject" time="7.129">
    <system-err><![CDATA[Aug 29, 2023 11:28:25 AM org.openqa.selenium.devtools.CdpVersionFinder findNearestMatch
WARNING: Unable to find an exact match for CDP version 116, so returning the closest version found: 115
]]></system-err>
  </testcase>
</testsuite>