<?xml version="1.0" encoding="UTF-8"?>
<testng-results ignored="0" total="4" passed="4" failed="0" skipped="0">
  <reporter-output>
  </reporter-output>
  <suite started-at="2023-08-29T09:43:28 PDT" name="Default suite" finished-at="2023-08-29T09:43:29 PDT" duration-ms="873">
    <groups>
    </groups>
    <test started-at="2023-08-29T09:43:28 PDT" name="Default test" finished-at="2023-08-29T09:43:29 PDT" duration-ms="873">
      <class name="com.andoorathodi.MavenAugust2023.tests.DataProviderExcelSample2">
        <test-method signature="tst(java.lang.String,java.lang.String)[pri:0, instance:com.andoorathodi.MavenAugust2023.tests.DataProviderExcelSample2@7068e664]" started-at="2023-08-29T09:43:29 PDT" name="tst" data-provider="getData" finished-at="2023-08-29T09:43:29 PDT" duration-ms="7" status="PASS">
          <params>
            <param index="0">
              <value>
                <![CDATA[Nabeel]]>
              </value>
            </param>
            <param index="1">
              <value>
                <![CDATA[Red]]>
              </value>
            </param>
          </params>
          <reporter-output>
          </reporter-output>
        </test-method> <!-- tst -->
        <test-method signature="tst(java.lang.String,java.lang.String)[pri:0, instance:com.andoorathodi.MavenAugust2023.tests.DataProviderExcelSample2@7068e664]" started-at="2023-08-29T09:43:29 PDT" name="tst" data-provider="getData" finished-at="2023-08-29T09:43:29 PDT" duration-ms="1" status="PASS">
          <params>
            <param index="0">
              <value>
                <![CDATA[Shibil]]>
              </value>
            </param>
            <param index="1">
              <value>
                <![CDATA[Blue]]>
              </value>
            </param>
          </params>
          <reporter-output>
          </reporter-output>
        </test-method> <!-- tst -->
        <test-method signature="tst(java.lang.String,java.lang.String)[pri:0, instance:com.andoorathodi.MavenAugust2023.tests.DataProviderExcelSample2@7068e664]" started-at="2023-08-29T09:43:29 PDT" name="tst" data-provider="getData" finished-at="2023-08-29T09:43:29 PDT" duration-ms="1" status="PASS">
          <params>
            <param index="0">
              <value>
                <![CDATA[Sanitha]]>
              </value>
            </param>
            <param index="1">
              <value>
                <![CDATA[Green]]>
              </value>
            </param>
          </params>
          <reporter-output>
          </reporter-output>
        </test-method> <!-- tst -->
        <test-method signature="tst(java.lang.String,java.lang.String)[pri:0, instance:com.andoorathodi.MavenAugust2023.tests.DataProviderExcelSample2@7068e664]" started-at="2023-08-29T09:43:29 PDT" name="tst" data-provider="getData" finished-at="2023-08-29T09:43:29 PDT" duration-ms="2" status="PASS">
          <params>
            <param index="0">
              <value>
                <![CDATA[Zeniya]]>
              </value>
            </param>
            <param index="1">
              <value>
                <![CDATA[Yellow]]>
              </value>
            </param>
          </params>
          <reporter-output>
          </reporter-output>
        </test-method> <!-- tst -->
      </class> <!-- com.andoorathodi.MavenAugust2023.tests.DataProviderExcelSample2 -->
    </test> <!-- Default test -->
  </suite> <!-- Default suite -->
</testng-results>
